2025-11-23 14:17:17,952 - ERROR - Fatal error: BBkC executable not found at H:\Projects\DensePCE\BBkC
2025-11-23 14:18:15,724 - INFO - Tool verification completed
2025-11-23 14:18:15,724 - INFO - Processing testGraph\fpce_graph\fpce_graph.grh in directory testGraph\fpce_graph
2025-11-23 14:18:15,724 - INFO - Converting testGraph\fpce_graph\fpce_graph.grh to edges format
2025-11-23 14:18:15,725 - INFO - Successfully converted to testGraph\fpce_graph\fpce_graph.edges
2025-11-23 14:18:15,725 - INFO - Cleaning edges file testGraph\fpce_graph\fpce_graph.edges using BBkC
2025-11-23 14:18:15,726 - INFO - Running WSL command: cd '/mnt/h/Projects/DensePCE/testGraph/fpce_graph' && '/mnt/h/Projects/DensePCE/BBkC' p '/mnt/h/Projects/DensePCE/testGraph/fpce_graph/fpce_graph.edges'
2025-11-23 14:18:18,205 - INFO - Successfully created clean file: testGraph\fpce_graph\fpce_graph.clean
2025-11-23 14:18:18,205 - INFO - Converting via WSL: '/mnt/h/Projects/DensePCE/EBBkC/Cohesive_subgraph_book/datasets/edgelist2binary' . 'fpce_graph.clean'
2025-11-23 14:18:18,205 - INFO - Running WSL command: cd '/mnt/h/Projects/DensePCE/testGraph/fpce_graph' && '/mnt/h/Projects/DensePCE/EBBkC/Cohesive_subgraph_book/datasets/edgelist2binary' . 'fpce_graph.clean'
2025-11-23 14:18:18,280 - INFO - Successfully created binary files via WSL edgelist2binary
2025-11-23 14:18:18,280 - INFO - Successfully processed testGraph\fpce_graph\fpce_graph.grh
2025-11-23 14:18:18,280 - INFO - Output directory: testGraph\fpce_graph
2025-11-23 14:18:18,280 - INFO - Generated files:
2025-11-23 14:18:18,280 - INFO -   b_adj.bin (112 bytes)
2025-11-23 14:18:18,280 - INFO -   b_degree.bin (64 bytes)
2025-11-23 14:18:18,280 - INFO -   cliques_K1 (0 bytes)
2025-11-23 14:18:18,281 - INFO -   cliques_K2 (74 bytes)
2025-11-23 14:18:18,281 - INFO -   cliques_K3 (14 bytes)
2025-11-23 14:18:18,281 - INFO -   cliques_K4 (0 bytes)
2025-11-23 14:18:18,281 - INFO -   fpce_graph.clean (60 bytes)
2025-11-23 14:18:18,281 - INFO -   fpce_graph.edges (74 bytes)
2025-11-23 14:18:18,281 - INFO -   fpce_graph.grh (71 bytes)
2025-11-23 14:18:18,281 - INFO -   fpce_graph.txt (71 bytes)
2025-11-23 14:18:18,281 - INFO - Pipeline completed successfully!
